# JRE version: Java(TM) SE Runtime Environment (8.0_71-b15) (build 1.8.0_71-b15)
# Java VM: Java HotSpot(TM) 64-Bit Server VM (25.71-b15 mixed mode windows-amd64 compressed oops)
Heap:
 PSYoungGen      total 2048K, used 1536K [0x00000000d5d80000, 0x00000000d6280000, 0x0000000100000000)
  eden space 1536K, 66% used [0x00000000d5d80000,0x00000000d5e803d8,0x00000000d5f00000)
  from space 512K, 100% used [0x00000000d5f00000,0x00000000d5f80000,0x00000000d5f80000)
  to   space 1024K, 0% used [0x00000000d6180000,0x00000000d6180000,0x00000000d6280000)
 ParOldGen       total 5632K, used 2561K [0x0000000081800000, 0x0000000081d80000, 0x00000000d5d80000)
  object space 5632K, 45% used [0x0000000081800000,0x0000000081a807c0,0x0000000081d80000)
 Metaspace       used 7249K, capacity 8116K, committed 8448K, reserved 1056768K
  class space    used 892K, capacity 944K, committed 1024K, reserved 1048576K
GC Heap History (10 events):
Event: 4.644 GC heap before
{Heap before GC invocations=3 (full 0):
 PSYoungGen      total 2048K, used 2016K [0x00000000d5d80000, 0x00000000d6000000, 0x0000000100000000)
  eden space 1536K, 100% used [0x00000000d5d80000,0x00000000d5f00000,0x00000000d5f00000)
  from space 512K, 93% used [0x00000000d5f80000,0x00000000d5ff8020,0x00000000d6000000)
  to   space 512K, 0% used [0x00000000d5f00000,0x00000000d5f00000,0x00000000d5f80000)
 ParOldGen       total 5632K, used 88K [0x0000000081800000, 0x0000000081d80000, 0x00000000d5d80000)
  object space 5632K, 1% used [0x0000000081800000,0x0000000081816000,0x0000000081d80000)
 Metaspace       used 4589K, capacity 5836K, committed 6016K, reserved 1056768K
  class space    used 563K, capacity 584K, committed 640K, reserved 1048576K
Event: 4.645 GC heap after
Heap after GC invocations=3 (full 0):
 PSYoungGen      total 2048K, used 496K [0x00000000d5d80000, 0x00000000d6000000, 0x0000000100000000)
  eden space 1536K, 0% used [0x00000000d5d80000,0x00000000d5d80000,0x00000000d5f00000)
  from space 512K, 96% used [0x00000000d5f00000,0x00000000d5f7c010,0x00000000d5f80000)
  to   space 512K, 0% used [0x00000000d5f80000,0x00000000d5f80000,0x00000000d6000000)
 ParOldGen       total 5632K, used 504K [0x0000000081800000, 0x0000000081d80000, 0x00000000d5d80000)
  object space 5632K, 8% used [0x0000000081800000,0x000000008187e020,0x0000000081d80000)
 Metaspace       used 4589K, capacity 5836K, committed 6016K, reserved 1056768K
  class space    used 563K, capacity 584K, committed 640K, reserved 1048576K
}
Event: 4.879 GC heap before
{Heap before GC invocations=4 (full 0):
 PSYoungGen      total 2048K, used 2032K [0x00000000d5d80000, 0x00000000d6000000, 0x0000000100000000)
  eden space 1536K, 100% used [0x00000000d5d80000,0x00000000d5f00000,0x00000000d5f00000)
  from space 512K, 96% used [0x00000000d5f00000,0x00000000d5f7c010,0x00000000d5f80000)
  to   space 512K, 0% used [0x00000000d5f80000,0x00000000d5f80000,0x00000000d6000000)
 ParOldGen       total 5632K, used 504K [0x0000000081800000, 0x0000000081d80000, 0x00000000d5d80000)
  object space 5632K, 8% used [0x0000000081800000,0x000000008187e020,0x0000000081d80000)
 Metaspace       used 5116K, capacity 6348K, committed 6656K, reserved 1056768K
  class space    used 621K, capacity 648K, committed 768K, reserved 1048576K
Event: 4.893 GC heap after
Heap after GC invocations=4 (full 0):
 PSYoungGen      total 2048K, used 496K [0x00000000d5d80000, 0x00000000d6180000, 0x0000000100000000)
  eden space 1536K, 0% used [0x00000000d5d80000,0x00000000d5d80000,0x00000000d5f00000)
  from space 512K, 96% used [0x00000000d5f80000,0x00000000d5ffc010,0x00000000d6000000)
  to   space 512K, 0% used [0x00000000d5f00000,0x00000000d5f00000,0x00000000d5f80000)
 ParOldGen       total 5632K, used 560K [0x0000000081800000, 0x0000000081d80000, 0x00000000d5d80000)
  object space 5632K, 9% used [0x0000000081800000,0x000000008188c040,0x0000000081d80000)
 Metaspace       used 5116K, capacity 6348K, committed 6656K, reserved 1056768K
  class space    used 621K, capacity 648K, committed 768K, reserved 1048576K
}
Event: 5.597 GC heap before
{Heap before GC invocations=5 (full 0):
 PSYoungGen      total 2048K, used 2032K [0x00000000d5d80000, 0x00000000d6180000, 0x0000000100000000)
  eden space 1536K, 100% used [0x00000000d5d80000,0x00000000d5f00000,0x00000000d5f00000)
  from space 512K, 96% used [0x00000000d5f80000,0x00000000d5ffc010,0x00000000d6000000)
  to   space 512K, 0% used [0x00000000d5f00000,0x00000000d5f00000,0x00000000d5f80000)
 ParOldGen       total 5632K, used 560K [0x0000000081800000, 0x0000000081d80000, 0x00000000d5d80000)
  object space 5632K, 9% used [0x0000000081800000,0x000000008188c040,0x0000000081d80000)
 Metaspace       used 5667K, capacity 6892K, committed 7168K, reserved 1056768K
  class space    used 711K, capacity 744K, committed 768K, reserved 1048576K
Event: 5.617 GC heap after
Heap after GC invocations=5 (full 0):
 PSYoungGen      total 2048K, used 496K [0x00000000d5d80000, 0x00000000d6180000, 0x0000000100000000)
  eden space 1536K, 0% used [0x00000000d5d80000,0x00000000d5d80000,0x00000000d5f00000)
  from space 512K, 96% used [0x00000000d5f00000,0x00000000d5f7c010,0x00000000d5f80000)
  to   space 512K, 0% used [0x00000000d5f80000,0x00000000d5f80000,0x00000000d6000000)
 ParOldGen       total 5632K, used 628K [0x0000000081800000, 0x0000000081d80000, 0x00000000d5d80000)
  object space 5632K, 11% used [0x0000000081800000,0x000000008189d060,0x0000000081d80000)
 Metaspace       used 5667K, capacity 6892K, committed 7168K, reserved 1056768K
  class space    used 711K, capacity 744K, committed 768K, reserved 1048576K
}
Event: 5.994 GC heap before
{Heap before GC invocations=6 (full 0):
 PSYoungGen      total 2048K, used 2032K [0x00000000d5d80000, 0x00000000d6180000, 0x0000000100000000)
  eden space 1536K, 100% used [0x00000000d5d80000,0x00000000d5f00000,0x00000000d5f00000)
  from space 512K, 96% used [0x00000000d5f00000,0x00000000d5f7c010,0x00000000d5f80000)
  to   space 512K, 0% used [0x00000000d5f80000,0x00000000d5f80000,0x00000000d6000000)
 ParOldGen       total 5632K, used 628K [0x0000000081800000, 0x0000000081d80000, 0x00000000d5d80000)
  object space 5632K, 11% used [0x0000000081800000,0x000000008189d060,0x0000000081d80000)
 Metaspace       used 6216K, capacity 7404K, committed 7552K, reserved 1056768K
  class space    used 776K, capacity 808K, committed 896K, reserved 1048576K
Event: 5.996 GC heap after
Heap after GC invocations=6 (full 0):
 PSYoungGen      total 2048K, used 512K [0x00000000d5d80000, 0x00000000d6180000, 0x0000000100000000)
  eden space 1536K, 0% used [0x00000000d5d80000,0x00000000d5d80000,0x00000000d5f00000)
  from space 512K, 100% used [0x00000000d5f80000,0x00000000d6000000,0x00000000d6000000)
  to   space 512K, 0% used [0x00000000d5f00000,0x00000000d5f00000,0x00000000d5f80000)
 ParOldGen       total 5632K, used 896K [0x0000000081800000, 0x0000000081d80000, 0x00000000d5d80000)
  object space 5632K, 15% used [0x0000000081800000,0x00000000818e0388,0x0000000081d80000)
 Metaspace       used 6216K, capacity 7404K, committed 7552K, reserved 1056768K
  class space    used 776K, capacity 808K, committed 896K, reserved 1048576K
}
Event: 7.124 GC heap before
{Heap before GC invocations=7 (full 0):
 PSYoungGen      total 2048K, used 2048K [0x00000000d5d80000, 0x00000000d6180000, 0x0000000100000000)
  eden space 1536K, 100% used [0x00000000d5d80000,0x00000000d5f00000,0x00000000d5f00000)
  from space 512K, 100% used [0x00000000d5f80000,0x00000000d6000000,0x00000000d6000000)
  to   space 512K, 0% used [0x00000000d5f00000,0x00000000d5f00000,0x00000000d5f80000)
 ParOldGen       total 5632K, used 896K [0x0000000081800000, 0x0000000081d80000, 0x00000000d5d80000)
  object space 5632K, 15% used [0x0000000081800000,0x00000000818e0388,0x0000000081d80000)
 Metaspace       used 7054K, capacity 7988K, committed 8064K, reserved 1056768K
  class space    used 873K, capacity 880K, committed 896K, reserved 1048576K
Event: 7.129 GC heap after
Heap after GC invocations=7 (full 0):
 PSYoungGen      total 2048K, used 512K [0x00000000d5d80000, 0x00000000d6280000, 0x0000000100000000)
  eden space 1536K, 0% used [0x00000000d5d80000,0x00000000d5d80000,0x00000000d5f00000)
  from space 512K, 100% used [0x00000000d5f00000,0x00000000d5f80000,0x00000000d5f80000)
  to   space 1024K, 0% used [0x00000000d6180000,0x00000000d6180000,0x00000000d6280000)
 ParOldGen       total 5632K, used 1056K [0x0000000081800000, 0x0000000081d80000, 0x00000000d5d80000)
  object space 5632K, 18% used [0x0000000081800000,0x0000000081908388,0x0000000081d80000)
 Metaspace       used 7054K, capacity 7988K, committed 8064K, reserved 1056768K
  class space    used 873K, capacity 880K, committed 896K, reserved 1048576K
}

